mode: set
github.com/tomcarman/skystats/core/aircraft.go:19.43,23.16 2 0
github.com/tomcarman/skystats/core/aircraft.go:23.16,26.3 2 0
github.com/tomcarman/skystats/core/aircraft.go:28.2,29.64 2 0
github.com/tomcarman/skystats/core/aircraft.go:29.64,32.3 2 0
github.com/tomcarman/skystats/core/aircraft.go:34.2,37.18 3 0
github.com/tomcarman/skystats/core/aircraft.go:37.18,40.3 2 0
github.com/tomcarman/skystats/core/aircraft.go:42.2,46.45 3 0
github.com/tomcarman/skystats/core/aircraft.go:46.45,48.30 1 0
github.com/tomcarman/skystats/core/aircraft.go:48.30,49.12 1 0
github.com/tomcarman/skystats/core/aircraft.go:52.3,55.29 3 0
github.com/tomcarman/skystats/core/aircraft.go:55.29,57.4 1 0
github.com/tomcarman/skystats/core/aircraft.go:60.2,60.51 1 0
github.com/tomcarman/skystats/core/aircraft.go:63.44,68.2 1 1
github.com/tomcarman/skystats/core/aircraft.go:70.40,72.16 2 1
github.com/tomcarman/skystats/core/aircraft.go:72.16,75.3 2 0
github.com/tomcarman/skystats/core/aircraft.go:77.2,77.15 1 1
github.com/tomcarman/skystats/core/aircraft.go:80.47,82.18 2 1
github.com/tomcarman/skystats/core/aircraft.go:82.18,84.3 1 0
github.com/tomcarman/skystats/core/aircraft.go:85.2,87.18 3 1
github.com/tomcarman/skystats/core/aircraft.go:90.76,94.32 2 0
github.com/tomcarman/skystats/core/aircraft.go:94.32,96.3 1 0
github.com/tomcarman/skystats/core/aircraft.go:98.2,98.64 1 0
github.com/tomcarman/skystats/core/aircraft.go:102.106,107.30 3 0
github.com/tomcarman/skystats/core/aircraft.go:107.30,109.3 1 0
github.com/tomcarman/skystats/core/aircraft.go:111.2,133.16 4 0
github.com/tomcarman/skystats/core/aircraft.go:133.16,136.3 2 0
github.com/tomcarman/skystats/core/aircraft.go:137.2,139.18 2 0
github.com/tomcarman/skystats/core/aircraft.go:139.18,154.17 3 0
github.com/tomcarman/skystats/core/aircraft.go:154.17,156.12 2 0
github.com/tomcarman/skystats/core/aircraft.go:159.3,159.62 1 0
github.com/tomcarman/skystats/core/aircraft.go:162.2,162.26 1 0
github.com/tomcarman/skystats/core/aircraft.go:166.119,175.37 5 0
github.com/tomcarman/skystats/core/aircraft.go:175.37,177.14 2 0
github.com/tomcarman/skystats/core/aircraft.go:177.14,275.4 4 0
github.com/tomcarman/skystats/core/aircraft.go:278.2,281.46 3 0
github.com/tomcarman/skystats/core/aircraft.go:281.46,283.17 2 0
github.com/tomcarman/skystats/core/aircraft.go:283.17,285.4 1 0
github.com/tomcarman/skystats/core/aircraft.go:289.124,293.37 2 0
github.com/tomcarman/skystats/core/aircraft.go:293.37,295.14 2 0
github.com/tomcarman/skystats/core/aircraft.go:295.14,296.12 1 0
github.com/tomcarman/skystats/core/aircraft.go:300.3,300.36 1 0
github.com/tomcarman/skystats/core/aircraft.go:300.36,301.29 1 0
github.com/tomcarman/skystats/core/aircraft.go:301.29,303.5 1 0
github.com/tomcarman/skystats/core/aircraft.go:307.3,317.28 7 0
github.com/tomcarman/skystats/core/aircraft.go:317.28,319.18 2 0
github.com/tomcarman/skystats/core/aircraft.go:319.19,320.5 0 0
github.com/tomcarman/skystats/core/aircraft.go:320.10,320.110 1 0
github.com/tomcarman/skystats/core/aircraft.go:320.110,327.5 2 0
github.com/tomcarman/skystats/core/aircraft.go:331.3,334.50 2 0
github.com/tomcarman/skystats/core/aircraft.go:334.50,336.4 1 0
github.com/tomcarman/skystats/core/aircraft.go:337.3,337.50 1 0
github.com/tomcarman/skystats/core/aircraft.go:337.50,339.4 1 0
github.com/tomcarman/skystats/core/aircraft.go:342.3,342.40 1 0
github.com/tomcarman/skystats/core/aircraft.go:342.40,344.4 1 0
github.com/tomcarman/skystats/core/aircraft.go:345.3,345.42 1 0
github.com/tomcarman/skystats/core/aircraft.go:345.42,347.4 1 0
github.com/tomcarman/skystats/core/aircraft.go:348.3,348.42 1 0
github.com/tomcarman/skystats/core/aircraft.go:348.42,350.4 1 0
github.com/tomcarman/skystats/core/aircraft.go:352.3,384.4 2 0
github.com/tomcarman/skystats/core/aircraft.go:387.2,390.46 3 0
github.com/tomcarman/skystats/core/aircraft.go:390.46,392.17 2 0
github.com/tomcarman/skystats/core/aircraft.go:392.17,394.4 1 0
github.com/tomcarman/skystats/core/aircraft.go:398.23,401.2 2 1
github.com/tomcarman/skystats/core/aircraft.go:403.23,406.2 2 1
github.com/tomcarman/skystats/core/aircraft.go:408.26,411.2 2 1
github.com/tomcarman/skystats/core/aircraft.go:418.68,419.18 1 0
github.com/tomcarman/skystats/core/aircraft.go:419.18,421.3 1 0
github.com/tomcarman/skystats/core/aircraft.go:423.2,438.16 4 0
github.com/tomcarman/skystats/core/aircraft.go:438.16,439.27 1 0
github.com/tomcarman/skystats/core/aircraft.go:439.27,441.4 1 0
github.com/tomcarman/skystats/core/aircraft.go:442.3,442.18 1 0
github.com/tomcarman/skystats/core/aircraft.go:445.2,445.20 1 0
github.com/tomcarman/skystats/core/aircraft.go:448.87,450.16 2 1
github.com/tomcarman/skystats/core/aircraft.go:450.16,453.3 2 0
github.com/tomcarman/skystats/core/aircraft.go:455.2,459.39 4 1
github.com/tomcarman/skystats/core/api.go:22.44,24.16 2 0
github.com/tomcarman/skystats/core/api.go:24.16,26.3 1 0
github.com/tomcarman/skystats/core/api.go:27.2,31.3 1 0
github.com/tomcarman/skystats/core/api.go:34.56,37.14 2 0
github.com/tomcarman/skystats/core/api.go:37.14,39.3 1 0
github.com/tomcarman/skystats/core/api.go:41.2,42.16 2 0
github.com/tomcarman/skystats/core/api.go:42.16,44.3 1 0
github.com/tomcarman/skystats/core/api.go:46.2,46.11 1 0
github.com/tomcarman/skystats/core/api.go:49.29,54.48 3 0
github.com/tomcarman/skystats/core/api.go:54.48,56.3 1 0
github.com/tomcarman/skystats/core/api.go:56.8,60.3 3 0
github.com/tomcarman/skystats/core/api.go:62.2,62.29 1 0
github.com/tomcarman/skystats/core/api.go:62.29,67.36 4 0
github.com/tomcarman/skystats/core/api.go:67.36,70.4 2 0
github.com/tomcarman/skystats/core/api.go:72.3,72.11 1 0
github.com/tomcarman/skystats/core/api.go:76.2,77.2 2 0
github.com/tomcarman/skystats/core/api.go:77.2,79.3 2 0
github.com/tomcarman/skystats/core/api.go:79.3,99.60 16 0
github.com/tomcarman/skystats/core/api.go:99.60,99.104 1 0
github.com/tomcarman/skystats/core/api.go:100.4,100.58 1 0
github.com/tomcarman/skystats/core/api.go:100.58,100.102 1 0
github.com/tomcarman/skystats/core/api.go:101.4,101.60 1 0
github.com/tomcarman/skystats/core/api.go:101.60,101.104 1 0
github.com/tomcarman/skystats/core/api.go:102.4,102.62 1 0
github.com/tomcarman/skystats/core/api.go:102.62,102.106 1 0
github.com/tomcarman/skystats/core/api.go:104.4,104.57 1 0
github.com/tomcarman/skystats/core/api.go:104.57,104.103 1 0
github.com/tomcarman/skystats/core/api.go:105.4,105.58 1 0
github.com/tomcarman/skystats/core/api.go:105.58,105.105 1 0
github.com/tomcarman/skystats/core/api.go:106.4,106.59 1 0
github.com/tomcarman/skystats/core/api.go:106.59,106.107 1 0
github.com/tomcarman/skystats/core/api.go:107.4,107.57 1 0
github.com/tomcarman/skystats/core/api.go:107.57,107.103 1 0
github.com/tomcarman/skystats/core/api.go:109.4,109.58 1 0
github.com/tomcarman/skystats/core/api.go:109.58,109.105 1 0
github.com/tomcarman/skystats/core/api.go:110.4,110.59 1 0
github.com/tomcarman/skystats/core/api.go:110.59,110.107 1 0
github.com/tomcarman/skystats/core/api.go:111.4,111.60 1 0
github.com/tomcarman/skystats/core/api.go:111.60,111.109 1 0
github.com/tomcarman/skystats/core/api.go:112.4,112.58 1 0
github.com/tomcarman/skystats/core/api.go:112.58,112.105 1 0
github.com/tomcarman/skystats/core/api.go:114.4,114.59 1 0
github.com/tomcarman/skystats/core/api.go:114.59,114.99 1 0
github.com/tomcarman/skystats/core/api.go:115.4,115.60 1 0
github.com/tomcarman/skystats/core/api.go:115.60,115.101 1 0
github.com/tomcarman/skystats/core/api.go:116.4,116.58 1 0
github.com/tomcarman/skystats/core/api.go:116.58,116.97 1 0
github.com/tomcarman/skystats/core/api.go:118.4,118.60 1 0
github.com/tomcarman/skystats/core/api.go:118.60,118.101 1 0
github.com/tomcarman/skystats/core/api.go:119.4,119.61 1 0
github.com/tomcarman/skystats/core/api.go:119.61,119.103 1 0
github.com/tomcarman/skystats/core/api.go:120.4,120.59 1 0
github.com/tomcarman/skystats/core/api.go:120.59,120.99 1 0
github.com/tomcarman/skystats/core/api.go:124.3,125.3 2 0
github.com/tomcarman/skystats/core/api.go:125.3,128.4 2 0
github.com/tomcarman/skystats/core/api.go:130.3,130.36 1 0
github.com/tomcarman/skystats/core/api.go:134.2,137.28 3 0
github.com/tomcarman/skystats/core/api.go:140.59,148.16 5 0
github.com/tomcarman/skystats/core/api.go:148.16,150.3 1 0
github.com/tomcarman/skystats/core/api.go:153.2,156.16 3 0
github.com/tomcarman/skystats/core/api.go:156.16,158.3 1 0
github.com/tomcarman/skystats/core/api.go:161.2,164.16 3 0
github.com/tomcarman/skystats/core/api.go:164.16,166.3 1 0
github.com/tomcarman/skystats/core/api.go:168.2,168.30 1 0
github.com/tomcarman/skystats/core/api.go:172.60,180.16 5 0
github.com/tomcarman/skystats/core/api.go:180.16,182.3 1 0
github.com/tomcarman/skystats/core/api.go:185.2,188.16 3 0
github.com/tomcarman/skystats/core/api.go:188.16,190.3 1 0
github.com/tomcarman/skystats/core/api.go:193.2,196.16 3 0
github.com/tomcarman/skystats/core/api.go:196.16,198.3 1 0
github.com/tomcarman/skystats/core/api.go:200.2,200.30 1 0
github.com/tomcarman/skystats/core/api.go:203.53,214.16 4 0
github.com/tomcarman/skystats/core/api.go:214.16,216.3 1 0
github.com/tomcarman/skystats/core/api.go:219.2,228.16 3 0
github.com/tomcarman/skystats/core/api.go:228.16,230.3 1 0
github.com/tomcarman/skystats/core/api.go:233.2,242.16 3 0
github.com/tomcarman/skystats/core/api.go:242.16,244.3 1 0
github.com/tomcarman/skystats/core/api.go:246.2,246.30 1 0
github.com/tomcarman/skystats/core/api.go:250.59,258.16 5 0
github.com/tomcarman/skystats/core/api.go:258.16,260.3 1 0
github.com/tomcarman/skystats/core/api.go:263.2,266.16 3 0
github.com/tomcarman/skystats/core/api.go:266.16,268.3 1 0
github.com/tomcarman/skystats/core/api.go:271.2,274.16 3 0
github.com/tomcarman/skystats/core/api.go:274.16,276.3 1 0
github.com/tomcarman/skystats/core/api.go:278.2,278.30 1 0
github.com/tomcarman/skystats/core/api.go:282.51,286.31 3 0
github.com/tomcarman/skystats/core/api.go:286.31,289.3 2 0
github.com/tomcarman/skystats/core/api.go:291.2,337.16 3 0
github.com/tomcarman/skystats/core/api.go:337.16,340.3 2 0
github.com/tomcarman/skystats/core/api.go:341.2,344.18 3 0
github.com/tomcarman/skystats/core/api.go:344.18,373.17 11 0
github.com/tomcarman/skystats/core/api.go:373.17,375.12 2 0
github.com/tomcarman/skystats/core/api.go:378.3,415.5 1 0
github.com/tomcarman/skystats/core/api.go:418.2,418.33 1 0
github.com/tomcarman/skystats/core/api.go:421.80,442.16 4 0
github.com/tomcarman/skystats/core/api.go:442.16,445.3 2 0
github.com/tomcarman/skystats/core/api.go:446.2,449.18 3 0
github.com/tomcarman/skystats/core/api.go:449.18,460.17 8 0
github.com/tomcarman/skystats/core/api.go:460.17,461.12 1 0
github.com/tomcarman/skystats/core/api.go:464.3,482.5 1 0
github.com/tomcarman/skystats/core/api.go:485.2,485.33 1 0
github.com/tomcarman/skystats/core/api.go:488.56,499.16 4 0
github.com/tomcarman/skystats/core/api.go:499.16,502.3 2 0
github.com/tomcarman/skystats/core/api.go:503.2,506.18 3 0
github.com/tomcarman/skystats/core/api.go:506.18,514.17 6 0
github.com/tomcarman/skystats/core/api.go:514.17,515.12 1 0
github.com/tomcarman/skystats/core/api.go:518.3,528.5 1 0
github.com/tomcarman/skystats/core/api.go:531.2,531.33 1 0
github.com/tomcarman/skystats/core/api.go:534.56,545.16 4 0
github.com/tomcarman/skystats/core/api.go:545.16,548.3 2 0
github.com/tomcarman/skystats/core/api.go:549.2,552.18 3 0
github.com/tomcarman/skystats/core/api.go:552.18,560.17 6 0
github.com/tomcarman/skystats/core/api.go:560.17,561.12 1 0
github.com/tomcarman/skystats/core/api.go:564.3,574.5 1 0
github.com/tomcarman/skystats/core/api.go:577.2,577.33 1 0
github.com/tomcarman/skystats/core/api.go:580.56,591.16 4 0
github.com/tomcarman/skystats/core/api.go:591.16,594.3 2 0
github.com/tomcarman/skystats/core/api.go:595.2,598.18 3 0
github.com/tomcarman/skystats/core/api.go:598.18,605.17 5 0
github.com/tomcarman/skystats/core/api.go:605.17,606.12 1 0
github.com/tomcarman/skystats/core/api.go:609.3,618.5 1 0
github.com/tomcarman/skystats/core/api.go:621.2,621.33 1 0
github.com/tomcarman/skystats/core/api.go:624.55,635.16 4 0
github.com/tomcarman/skystats/core/api.go:635.16,638.3 2 0
github.com/tomcarman/skystats/core/api.go:639.2,642.18 3 0
github.com/tomcarman/skystats/core/api.go:642.18,649.17 5 0
github.com/tomcarman/skystats/core/api.go:649.17,650.12 1 0
github.com/tomcarman/skystats/core/api.go:653.3,662.5 1 0
github.com/tomcarman/skystats/core/api.go:665.2,665.33 1 0
github.com/tomcarman/skystats/core/api.go:668.97,674.16 5 0
github.com/tomcarman/skystats/core/api.go:675.14,676.65 1 0
github.com/tomcarman/skystats/core/api.go:677.15,678.66 1 0
github.com/tomcarman/skystats/core/api.go:679.13,680.64 1 0
github.com/tomcarman/skystats/core/api.go:681.10,682.18 1 0
github.com/tomcarman/skystats/core/api.go:684.2,686.26 2 0
github.com/tomcarman/skystats/core/api.go:687.18,688.87 1 0
github.com/tomcarman/skystats/core/api.go:689.17,690.46 1 0
github.com/tomcarman/skystats/core/api.go:691.10,693.9 2 0
github.com/tomcarman/skystats/core/api.go:696.2,709.16 3 0
github.com/tomcarman/skystats/core/api.go:709.16,712.3 2 0
github.com/tomcarman/skystats/core/api.go:714.2,718.18 3 0
github.com/tomcarman/skystats/core/api.go:718.18,725.17 5 0
github.com/tomcarman/skystats/core/api.go:725.17,726.12 1 0
github.com/tomcarman/skystats/core/api.go:729.3,733.5 1 0
github.com/tomcarman/skystats/core/api.go:736.2,736.33 1 0
github.com/tomcarman/skystats/core/api.go:740.50,762.16 4 0
github.com/tomcarman/skystats/core/api.go:762.16,765.3 2 0
github.com/tomcarman/skystats/core/api.go:766.2,770.18 3 0
github.com/tomcarman/skystats/core/api.go:770.18,775.17 4 0
github.com/tomcarman/skystats/core/api.go:775.17,776.12 1 0
github.com/tomcarman/skystats/core/api.go:779.3,786.5 1 0
github.com/tomcarman/skystats/core/api.go:789.2,789.32 1 0
github.com/tomcarman/skystats/core/api.go:793.64,811.16 4 0
github.com/tomcarman/skystats/core/api.go:811.16,814.3 2 0
github.com/tomcarman/skystats/core/api.go:815.2,819.18 3 0
github.com/tomcarman/skystats/core/api.go:819.18,824.17 4 0
github.com/tomcarman/skystats/core/api.go:824.17,825.12 1 0
github.com/tomcarman/skystats/core/api.go:828.3,832.5 1 0
github.com/tomcarman/skystats/core/api.go:835.2,835.32 1 0
github.com/tomcarman/skystats/core/api.go:839.59,857.16 4 0
github.com/tomcarman/skystats/core/api.go:857.16,860.3 2 0
github.com/tomcarman/skystats/core/api.go:861.2,865.18 3 0
github.com/tomcarman/skystats/core/api.go:865.18,870.17 4 0
github.com/tomcarman/skystats/core/api.go:870.17,871.12 1 0
github.com/tomcarman/skystats/core/api.go:874.3,878.5 1 0
github.com/tomcarman/skystats/core/api.go:881.2,881.32 1 0
github.com/tomcarman/skystats/core/api.go:885.52,906.16 4 0
github.com/tomcarman/skystats/core/api.go:906.16,909.3 2 0
github.com/tomcarman/skystats/core/api.go:910.2,914.18 3 0
github.com/tomcarman/skystats/core/api.go:914.18,919.17 4 0
github.com/tomcarman/skystats/core/api.go:919.17,920.12 1 0
github.com/tomcarman/skystats/core/api.go:923.3,928.5 1 0
github.com/tomcarman/skystats/core/api.go:931.2,931.32 1 0
github.com/tomcarman/skystats/core/api.go:935.60,977.16 4 0
github.com/tomcarman/skystats/core/api.go:977.16,980.3 2 0
github.com/tomcarman/skystats/core/api.go:981.2,985.18 3 0
github.com/tomcarman/skystats/core/api.go:985.18,990.17 4 0
github.com/tomcarman/skystats/core/api.go:990.17,991.12 1 0
github.com/tomcarman/skystats/core/api.go:994.3,999.5 1 0
github.com/tomcarman/skystats/core/api.go:1002.2,1002.32 1 0
github.com/tomcarman/skystats/core/api.go:1006.65,1048.16 4 0
github.com/tomcarman/skystats/core/api.go:1048.16,1051.3 2 0
github.com/tomcarman/skystats/core/api.go:1052.2,1056.18 3 0
github.com/tomcarman/skystats/core/api.go:1056.18,1061.17 4 0
github.com/tomcarman/skystats/core/api.go:1061.17,1062.12 1 0
github.com/tomcarman/skystats/core/api.go:1065.3,1070.5 1 0
github.com/tomcarman/skystats/core/api.go:1073.2,1073.32 1 0
github.com/tomcarman/skystats/core/api.go:1077.76,1080.16 3 0
github.com/tomcarman/skystats/core/api.go:1080.16,1082.3 1 0
github.com/tomcarman/skystats/core/api.go:1084.2,1087.16 3 0
github.com/tomcarman/skystats/core/api.go:1088.14,1113.23 4 0
github.com/tomcarman/skystats/core/api.go:1114.15,1139.21 4 0
github.com/tomcarman/skystats/core/api.go:1140.13,1163.18 4 0
github.com/tomcarman/skystats/core/api.go:1164.10,1166.9 2 0
github.com/tomcarman/skystats/core/api.go:1169.2,1172.43 3 0
github.com/tomcarman/skystats/core/api.go:1172.43,1174.17 2 0
github.com/tomcarman/skystats/core/api.go:1174.17,1177.4 2 0
github.com/tomcarman/skystats/core/api.go:1178.3,1181.17 3 0
github.com/tomcarman/skystats/core/api.go:1181.17,1184.4 2 0
github.com/tomcarman/skystats/core/api.go:1186.3,1187.17 2 0
github.com/tomcarman/skystats/core/api.go:1187.17,1190.4 2 0
github.com/tomcarman/skystats/core/api.go:1192.3,1192.23 1 0
github.com/tomcarman/skystats/core/api.go:1194.8,1197.17 3 0
github.com/tomcarman/skystats/core/api.go:1197.17,1200.4 2 0
github.com/tomcarman/skystats/core/api.go:1202.2,1206.18 3 0
github.com/tomcarman/skystats/core/api.go:1206.18,1211.17 4 0
github.com/tomcarman/skystats/core/api.go:1211.17,1213.4 1 0
github.com/tomcarman/skystats/core/api.go:1215.3,1218.5 1 0
github.com/tomcarman/skystats/core/api.go:1221.2,1237.4 1 0
github.com/tomcarman/skystats/core/api.go:1240.77,1243.16 3 0
github.com/tomcarman/skystats/core/api.go:1243.16,1245.3 1 0
github.com/tomcarman/skystats/core/api.go:1247.2,1250.16 3 0
github.com/tomcarman/skystats/core/api.go:1251.14,1276.23 4 0
github.com/tomcarman/skystats/core/api.go:1277.15,1302.21 4 0
github.com/tomcarman/skystats/core/api.go:1303.13,1329.18 4 0
github.com/tomcarman/skystats/core/api.go:1330.10,1332.9 2 0
github.com/tomcarman/skystats/core/api.go:1335.2,1338.43 3 0
github.com/tomcarman/skystats/core/api.go:1338.43,1340.17 2 0
github.com/tomcarman/skystats/core/api.go:1340.17,1343.4 2 0
github.com/tomcarman/skystats/core/api.go:1344.3,1347.17 3 0
github.com/tomcarman/skystats/core/api.go:1347.17,1350.4 2 0
github.com/tomcarman/skystats/core/api.go:1352.3,1353.17 2 0
github.com/tomcarman/skystats/core/api.go:1353.17,1356.4 2 0
github.com/tomcarman/skystats/core/api.go:1358.3,1358.23 1 0
github.com/tomcarman/skystats/core/api.go:1360.8,1363.17 3 0
github.com/tomcarman/skystats/core/api.go:1363.17,1366.4 2 0
github.com/tomcarman/skystats/core/api.go:1368.2,1372.18 3 0
github.com/tomcarman/skystats/core/api.go:1372.18,1377.17 4 0
github.com/tomcarman/skystats/core/api.go:1377.17,1378.12 1 0
github.com/tomcarman/skystats/core/api.go:1381.3,1384.5 1 0
github.com/tomcarman/skystats/core/api.go:1387.2,1403.4 1 0
github.com/tomcarman/skystats/core/api.go:1406.48,1412.2 1 0
github.com/tomcarman/skystats/core/api.go:1414.56,1416.49 1 0
github.com/tomcarman/skystats/core/api.go:1416.49,1418.17 2 0
github.com/tomcarman/skystats/core/api.go:1418.17,1420.18 2 0
github.com/tomcarman/skystats/core/api.go:1420.18,1422.5 1 0
github.com/tomcarman/skystats/core/api.go:1427.2,1427.10 1 0
github.com/tomcarman/skystats/core/api.go:1431.41,1433.2 1 0
github.com/tomcarman/skystats/core/api.go:1435.49,1437.16 2 0
github.com/tomcarman/skystats/core/api.go:1437.16,1440.3 2 0
github.com/tomcarman/skystats/core/api.go:1441.2,1441.33 1 0
github.com/tomcarman/skystats/core/api.go:1444.52,1446.51 2 0
github.com/tomcarman/skystats/core/api.go:1446.51,1449.3 2 0
github.com/tomcarman/skystats/core/api.go:1451.2,1451.59 1 0
github.com/tomcarman/skystats/core/api.go:1451.59,1454.3 2 0
github.com/tomcarman/skystats/core/api.go:1457.2,1458.16 2 0
github.com/tomcarman/skystats/core/api.go:1458.16,1461.3 2 0
github.com/tomcarman/skystats/core/api.go:1462.2,1462.33 1 0
github.com/tomcarman/skystats/core/core.go:16.13,29.49 4 0
github.com/tomcarman/skystats/core/core.go:29.49,30.41 1 0
github.com/tomcarman/skystats/core/core.go:30.41,32.4 1 0
github.com/tomcarman/skystats/core/core.go:36.2,36.39 1 0
github.com/tomcarman/skystats/core/core.go:36.39,38.3 1 0
github.com/tomcarman/skystats/core/core.go:41.2,41.39 1 0
github.com/tomcarman/skystats/core/core.go:41.39,57.17 5 0
github.com/tomcarman/skystats/core/core.go:57.17,59.4 1 0
github.com/tomcarman/skystats/core/core.go:60.3,60.15 1 0
github.com/tomcarman/skystats/core/core.go:60.15,62.4 1 0
github.com/tomcarman/skystats/core/core.go:63.3,70.53 5 0
github.com/tomcarman/skystats/core/core.go:73.2,78.16 4 0
github.com/tomcarman/skystats/core/core.go:78.16,81.3 2 0
github.com/tomcarman/skystats/core/core.go:84.2,85.48 2 0
github.com/tomcarman/skystats/core/core.go:85.48,88.3 2 0
github.com/tomcarman/skystats/core/core.go:90.2,91.47 2 0
github.com/tomcarman/skystats/core/core.go:91.47,94.3 2 0
github.com/tomcarman/skystats/core/core.go:97.2,98.12 2 0
github.com/tomcarman/skystats/core/core.go:98.12,101.3 2 0
github.com/tomcarman/skystats/core/core.go:103.2,112.79 7 0
github.com/tomcarman/skystats/core/core.go:112.79,114.3 1 0
github.com/tomcarman/skystats/core/core.go:115.2,117.15 2 0
github.com/tomcarman/skystats/core/core.go:117.15,125.3 7 0
github.com/tomcarman/skystats/core/core.go:127.2,127.6 1 0
github.com/tomcarman/skystats/core/core.go:127.6,128.10 1 0
github.com/tomcarman/skystats/core/core.go:129.37,131.30 2 0
github.com/tomcarman/skystats/core/core.go:132.35,134.35 2 0
github.com/tomcarman/skystats/core/core.go:135.38,137.27 2 0
github.com/tomcarman/skystats/core/core.go:138.31,140.20 2 0
github.com/tomcarman/skystats/core/core.go:141.40,143.29 2 0
github.com/tomcarman/skystats/core/core.go:149.19,151.17 2 0
github.com/tomcarman/skystats/core/core.go:151.17,153.3 1 0
github.com/tomcarman/skystats/core/core.go:156.20,157.32 1 0
github.com/tomcarman/skystats/core/core.go:158.15,160.43 2 0
github.com/tomcarman/skystats/core/core.go:161.14,163.42 2 0
github.com/tomcarman/skystats/core/core.go:164.14,166.42 2 0
github.com/tomcarman/skystats/core/core.go:167.15,169.44 2 0
github.com/tomcarman/skystats/core/core.go:170.10,172.69 2 0
github.com/tomcarman/skystats/core/countries.go:7.40,261.2 1 1
github.com/tomcarman/skystats/core/countries.go:263.60,266.2 2 1
github.com/tomcarman/skystats/core/db-connector.go:21.71,22.19 1 0
github.com/tomcarman/skystats/core/db-connector.go:22.19,24.17 2 0
github.com/tomcarman/skystats/core/db-connector.go:24.17,26.4 1 0
github.com/tomcarman/skystats/core/db-connector.go:28.3,28.29 1 0
github.com/tomcarman/skystats/core/db-connector.go:31.2,31.24 1 0
github.com/tomcarman/skystats/core/db-connector.go:34.53,36.2 1 0
github.com/tomcarman/skystats/core/db-connector.go:38.29,40.2 1 0
github.com/tomcarman/skystats/core/db-connector.go:42.32,50.2 1 1
github.com/tomcarman/skystats/core/db-migrations.go:15.36,20.16 3 0
github.com/tomcarman/skystats/core/db-migrations.go:20.16,22.3 1 0
github.com/tomcarman/skystats/core/db-migrations.go:23.2,27.16 3 0
github.com/tomcarman/skystats/core/db-migrations.go:27.16,29.3 1 0
github.com/tomcarman/skystats/core/db-migrations.go:32.2,33.16 2 0
github.com/tomcarman/skystats/core/db-migrations.go:33.16,35.3 1 0
github.com/tomcarman/skystats/core/db-migrations.go:38.2,38.18 1 0
github.com/tomcarman/skystats/core/db-migrations.go:38.18,40.43 2 0
github.com/tomcarman/skystats/core/db-migrations.go:40.43,42.4 1 0
github.com/tomcarman/skystats/core/db-migrations.go:43.3,43.81 1 0
github.com/tomcarman/skystats/core/db-migrations.go:47.2,48.46 2 0
github.com/tomcarman/skystats/core/db-migrations.go:48.46,50.3 1 0
github.com/tomcarman/skystats/core/db-migrations.go:52.2,52.32 1 0
github.com/tomcarman/skystats/core/db-migrations.go:52.32,54.3 1 0
github.com/tomcarman/skystats/core/db-migrations.go:54.8,56.17 2 0
github.com/tomcarman/skystats/core/db-migrations.go:56.17,58.4 1 0
github.com/tomcarman/skystats/core/db-migrations.go:59.3,59.76 1 0
github.com/tomcarman/skystats/core/db-migrations.go:62.2,62.12 1 0
github.com/tomcarman/skystats/core/db-migrations.go:65.57,67.16 2 0
github.com/tomcarman/skystats/core/db-migrations.go:67.16,69.3 1 0
github.com/tomcarman/skystats/core/db-migrations.go:71.2,76.16 2 0
github.com/tomcarman/skystats/core/db-migrations.go:76.16,78.3 1 0
github.com/tomcarman/skystats/core/db-migrations.go:80.2,80.22 1 0
github.com/tomcarman/skystats/core/db-migrations.go:86.57,97.16 3 0
github.com/tomcarman/skystats/core/db-migrations.go:97.16,99.3 1 0
github.com/tomcarman/skystats/core/db-migrations.go:101.2,101.26 1 0
github.com/tomcarman/skystats/core/db-migrations.go:101.26,103.3 1 0
github.com/tomcarman/skystats/core/db-migrations.go:105.2,114.16 3 0
github.com/tomcarman/skystats/core/db-migrations.go:114.16,116.3 1 0
github.com/tomcarman/skystats/core/db-migrations.go:118.2,118.33 1 0
github.com/tomcarman/skystats/core/db-plane-alert-data.go:41.45,45.28 2 0
github.com/tomcarman/skystats/core/db-plane-alert-data.go:45.28,47.3 1 0
github.com/tomcarman/skystats/core/db-plane-alert-data.go:49.2,50.16 2 0
github.com/tomcarman/skystats/core/db-plane-alert-data.go:50.16,55.3 4 0
github.com/tomcarman/skystats/core/db-plane-alert-data.go:57.2,57.20 1 0
github.com/tomcarman/skystats/core/db-plane-alert-data.go:57.20,60.3 2 0
github.com/tomcarman/skystats/core/db-plane-alert-data.go:62.2,65.16 3 0
github.com/tomcarman/skystats/core/db-plane-alert-data.go:65.16,67.3 1 0
github.com/tomcarman/skystats/core/db-plane-alert-data.go:69.2,73.47 3 0
github.com/tomcarman/skystats/core/db-plane-alert-data.go:73.47,76.17 2 0
github.com/tomcarman/skystats/core/db-plane-alert-data.go:76.17,77.12 1 0
github.com/tomcarman/skystats/core/db-plane-alert-data.go:80.3,97.19 17 0
github.com/tomcarman/skystats/core/db-plane-alert-data.go:100.2,127.27 3 0
github.com/tomcarman/skystats/core/db-plane-alert-data.go:127.27,147.3 1 0
github.com/tomcarman/skystats/core/db-plane-alert-data.go:149.2,152.17 3 0
github.com/tomcarman/skystats/core/db-plane-alert-data.go:152.17,154.17 2 0
github.com/tomcarman/skystats/core/db-plane-alert-data.go:154.17,156.4 1 0
github.com/tomcarman/skystats/core/db-plane-alert-data.go:159.2,161.12 2 0
github.com/tomcarman/skystats/core/db-plane-alert-data.go:164.51,166.16 2 1
github.com/tomcarman/skystats/core/db-plane-alert-data.go:166.16,168.3 1 1
github.com/tomcarman/skystats/core/db-plane-alert-data.go:169.2,173.16 4 1
github.com/tomcarman/skystats/core/db-plane-alert-data.go:173.16,175.3 1 0
github.com/tomcarman/skystats/core/db-plane-alert-data.go:177.2,177.21 1 1
github.com/tomcarman/skystats/core/db-plane-alert-data.go:180.52,182.33 2 1
github.com/tomcarman/skystats/core/db-plane-alert-data.go:182.33,184.3 1 1
github.com/tomcarman/skystats/core/db-plane-alert-data.go:185.2,185.18 1 1
github.com/tomcarman/skystats/core/db-plane-alert-data.go:188.33,189.13 1 1
github.com/tomcarman/skystats/core/db-plane-alert-data.go:189.13,191.3 1 1
github.com/tomcarman/skystats/core/db-plane-alert-data.go:192.2,192.11 1 1
github.com/tomcarman/skystats/core/db-plane-alert-data.go:195.102,199.27 3 0
github.com/tomcarman/skystats/core/db-plane-alert-data.go:199.27,201.3 1 0
github.com/tomcarman/skystats/core/db-plane-alert-data.go:204.2,206.16 3 0
github.com/tomcarman/skystats/core/db-plane-alert-data.go:206.16,208.3 1 0
github.com/tomcarman/skystats/core/db-plane-alert-data.go:210.2,210.16 1 0
github.com/tomcarman/skystats/core/db-plane-alert-data.go:210.16,212.3 1 0
github.com/tomcarman/skystats/core/db-plane-alert-data.go:212.8,212.21 1 0
github.com/tomcarman/skystats/core/db-plane-alert-data.go:212.21,214.3 1 0
github.com/tomcarman/skystats/core/db-plane-alert-data.go:217.2,219.16 3 0
github.com/tomcarman/skystats/core/db-plane-alert-data.go:219.16,221.3 1 0
github.com/tomcarman/skystats/core/db-plane-alert-data.go:223.2,224.16 2 0
github.com/tomcarman/skystats/core/db-plane-alert-data.go:224.16,226.3 1 0
github.com/tomcarman/skystats/core/db-plane-alert-data.go:228.2,228.80 1 0
github.com/tomcarman/skystats/core/db-plane-alert-data.go:228.80,230.3 1 0
github.com/tomcarman/skystats/core/db-plane-alert-data.go:232.2,232.23 1 0
github.com/tomcarman/skystats/core/db-plane-alert-data.go:235.44,237.16 2 0
github.com/tomcarman/skystats/core/db-plane-alert-data.go:237.16,239.3 1 0
github.com/tomcarman/skystats/core/db-plane-alert-data.go:240.2,243.16 3 0
github.com/tomcarman/skystats/core/db-plane-alert-data.go:243.16,245.3 1 0
github.com/tomcarman/skystats/core/db-plane-alert-data.go:246.2,246.28 1 0
github.com/tomcarman/skystats/core/db-plane-alert-data.go:246.28,248.3 1 0
github.com/tomcarman/skystats/core/db-plane-alert-data.go:250.2,252.16 3 0
github.com/tomcarman/skystats/core/db-plane-alert-data.go:252.16,254.3 1 0
github.com/tomcarman/skystats/core/db-plane-alert-data.go:256.2,256.44 1 0
github.com/tomcarman/skystats/core/db-plane-alert-data.go:256.44,257.51 1 0
github.com/tomcarman/skystats/core/db-plane-alert-data.go:257.51,259.4 1 0
github.com/tomcarman/skystats/core/db-plane-alert-data.go:261.2,263.78 3 0
github.com/tomcarman/skystats/core/db-utils.go:37.72,39.39 1 0
github.com/tomcarman/skystats/core/db-utils.go:39.39,42.3 2 0
github.com/tomcarman/skystats/core/db-utils.go:44.2,46.37 2 0
github.com/tomcarman/skystats/core/db-utils.go:46.37,49.3 2 0
github.com/tomcarman/skystats/core/db-utils.go:51.2,54.38 3 0
github.com/tomcarman/skystats/core/db-utils.go:54.38,56.17 2 0
github.com/tomcarman/skystats/core/db-utils.go:56.17,58.4 1 0
github.com/tomcarman/skystats/core/db-utils.go:62.105,64.31 1 0
github.com/tomcarman/skystats/core/db-utils.go:64.31,67.3 2 0
github.com/tomcarman/skystats/core/db-utils.go:68.2,68.33 1 0
github.com/tomcarman/skystats/core/db-utils.go:68.33,71.3 2 0
github.com/tomcarman/skystats/core/db-utils.go:72.2,72.35 1 0
github.com/tomcarman/skystats/core/db-utils.go:72.35,75.3 2 0
github.com/tomcarman/skystats/core/db-utils.go:77.2,81.16 4 0
github.com/tomcarman/skystats/core/db-utils.go:81.16,84.3 2 0
github.com/tomcarman/skystats/core/db-utils.go:86.2,86.24 1 0
github.com/tomcarman/skystats/core/db-utils.go:86.24,90.22 2 0
github.com/tomcarman/skystats/core/db-utils.go:90.22,93.4 2 0
github.com/tomcarman/skystats/core/db-utils.go:95.3,104.17 3 0
github.com/tomcarman/skystats/core/db-utils.go:104.17,106.4 1 0
github.com/tomcarman/skystats/core/models.go:104.40,105.28 1 1
github.com/tomcarman/skystats/core/models.go:105.28,107.3 1 1
github.com/tomcarman/skystats/core/readsb.go:13.30,18.16 3 1
github.com/tomcarman/skystats/core/readsb.go:18.16,20.3 1 0
github.com/tomcarman/skystats/core/readsb.go:21.2,23.42 2 1
github.com/tomcarman/skystats/core/readsb.go:23.42,25.3 1 1
github.com/tomcarman/skystats/core/readsb.go:27.2,28.16 2 1
github.com/tomcarman/skystats/core/readsb.go:28.16,30.3 1 0
github.com/tomcarman/skystats/core/readsb.go:32.2,32.18 1 1
github.com/tomcarman/skystats/core/registrations.go:15.40,19.25 2 0
github.com/tomcarman/skystats/core/registrations.go:19.25,21.3 1 0
github.com/tomcarman/skystats/core/registrations.go:23.2,25.19 2 0
github.com/tomcarman/skystats/core/registrations.go:25.19,27.3 1 0
github.com/tomcarman/skystats/core/registrations.go:29.2,31.31 2 0
github.com/tomcarman/skystats/core/registrations.go:31.31,35.17 2 0
github.com/tomcarman/skystats/core/registrations.go:35.17,37.12 2 0
github.com/tomcarman/skystats/core/registrations.go:40.3,40.49 1 0
github.com/tomcarman/skystats/core/registrations.go:40.49,43.12 3 0
github.com/tomcarman/skystats/core/registrations.go:46.3,48.40 2 0
github.com/tomcarman/skystats/core/registrations.go:52.2,54.55 2 0
github.com/tomcarman/skystats/core/registrations.go:58.74,62.45 2 0
github.com/tomcarman/skystats/core/registrations.go:62.45,103.3 2 0
github.com/tomcarman/skystats/core/registrations.go:105.2,108.42 3 0
github.com/tomcarman/skystats/core/registrations.go:108.42,110.17 2 0
github.com/tomcarman/skystats/core/registrations.go:110.17,112.4 1 0
github.com/tomcarman/skystats/core/registrations.go:117.68,123.16 4 0
github.com/tomcarman/skystats/core/registrations.go:123.16,125.3 1 0
github.com/tomcarman/skystats/core/registrations.go:126.2,128.42 2 0
github.com/tomcarman/skystats/core/registrations.go:128.42,130.3 1 0
github.com/tomcarman/skystats/core/registrations.go:132.2,133.16 2 0
github.com/tomcarman/skystats/core/registrations.go:133.16,135.3 1 0
github.com/tomcarman/skystats/core/registrations.go:137.2,138.68 2 0
github.com/tomcarman/skystats/core/registrations.go:138.68,140.3 1 0
github.com/tomcarman/skystats/core/registrations.go:142.2,142.35 1 0
github.com/tomcarman/skystats/core/registrations.go:146.56,158.16 3 0
github.com/tomcarman/skystats/core/registrations.go:158.16,161.3 2 0
github.com/tomcarman/skystats/core/registrations.go:162.2,166.18 3 0
github.com/tomcarman/skystats/core/registrations.go:166.18,175.17 3 0
github.com/tomcarman/skystats/core/registrations.go:175.17,177.12 2 0
github.com/tomcarman/skystats/core/registrations.go:180.3,180.42 1 0
github.com/tomcarman/skystats/core/registrations.go:183.2,184.18 2 0
github.com/tomcarman/skystats/core/registrations.go:187.112,190.38 2 0
github.com/tomcarman/skystats/core/registrations.go:190.38,192.3 1 0
github.com/tomcarman/skystats/core/registrations.go:194.2,203.16 4 0
github.com/tomcarman/skystats/core/registrations.go:203.16,206.3 2 0
github.com/tomcarman/skystats/core/registrations.go:207.2,209.18 2 0
github.com/tomcarman/skystats/core/registrations.go:209.18,216.17 3 0
github.com/tomcarman/skystats/core/registrations.go:216.17,218.12 2 0
github.com/tomcarman/skystats/core/registrations.go:221.3,221.58 1 0
github.com/tomcarman/skystats/core/registrations.go:224.2,224.38 1 0
github.com/tomcarman/skystats/core/registrations.go:224.38,225.48 1 0
github.com/tomcarman/skystats/core/registrations.go:225.48,227.4 1 0
github.com/tomcarman/skystats/core/registrations.go:227.9,229.4 1 0
github.com/tomcarman/skystats/core/registrations.go:232.2,232.22 1 0
github.com/tomcarman/skystats/core/routes.go:17.83,20.2 2 1
github.com/tomcarman/skystats/core/routes.go:22.33,26.25 2 0
github.com/tomcarman/skystats/core/routes.go:26.25,28.3 1 0
github.com/tomcarman/skystats/core/routes.go:30.2,30.26 1 0
github.com/tomcarman/skystats/core/routes.go:30.26,32.3 1 0
github.com/tomcarman/skystats/core/routes.go:34.2,37.16 3 0
github.com/tomcarman/skystats/core/routes.go:37.16,40.3 2 0
github.com/tomcarman/skystats/core/routes.go:42.2,45.48 3 0
github.com/tomcarman/skystats/core/routes.go:49.49,62.16 3 0
github.com/tomcarman/skystats/core/routes.go:62.16,65.3 2 0
github.com/tomcarman/skystats/core/routes.go:66.2,70.18 3 0
github.com/tomcarman/skystats/core/routes.go:70.18,81.17 3 0
github.com/tomcarman/skystats/core/routes.go:81.17,83.12 2 0
github.com/tomcarman/skystats/core/routes.go:86.3,86.42 1 0
github.com/tomcarman/skystats/core/routes.go:89.2,90.18 2 0
github.com/tomcarman/skystats/core/routes.go:93.105,96.38 2 0
github.com/tomcarman/skystats/core/routes.go:96.38,98.3 1 0
github.com/tomcarman/skystats/core/routes.go:100.2,111.16 4 0
github.com/tomcarman/skystats/core/routes.go:111.16,114.3 2 0
github.com/tomcarman/skystats/core/routes.go:115.2,117.18 2 0
github.com/tomcarman/skystats/core/routes.go:117.18,124.17 3 0
github.com/tomcarman/skystats/core/routes.go:124.17,126.12 2 0
github.com/tomcarman/skystats/core/routes.go:129.3,129.40 1 0
github.com/tomcarman/skystats/core/routes.go:132.2,132.38 1 0
github.com/tomcarman/skystats/core/routes.go:132.38,133.44 1 0
github.com/tomcarman/skystats/core/routes.go:133.44,135.4 1 0
github.com/tomcarman/skystats/core/routes.go:135.9,137.4 1 0
github.com/tomcarman/skystats/core/routes.go:140.2,140.22 1 0
github.com/tomcarman/skystats/core/routes.go:144.59,149.16 3 0
github.com/tomcarman/skystats/core/routes.go:149.16,151.3 1 0
github.com/tomcarman/skystats/core/routes.go:153.2,156.16 3 0
github.com/tomcarman/skystats/core/routes.go:156.16,158.3 1 0
github.com/tomcarman/skystats/core/routes.go:160.2,165.16 5 0
github.com/tomcarman/skystats/core/routes.go:165.16,167.3 1 0
github.com/tomcarman/skystats/core/routes.go:168.2,171.16 3 0
github.com/tomcarman/skystats/core/routes.go:171.16,173.3 1 0
github.com/tomcarman/skystats/core/routes.go:175.2,177.16 3 0
github.com/tomcarman/skystats/core/routes.go:177.16,179.3 1 0
github.com/tomcarman/skystats/core/routes.go:181.2,181.20 1 0
github.com/tomcarman/skystats/core/routes.go:184.53,191.31 5 0
github.com/tomcarman/skystats/core/routes.go:191.31,194.42 1 0
github.com/tomcarman/skystats/core/routes.go:194.42,195.12 1 0
github.com/tomcarman/skystats/core/routes.go:199.3,199.31 1 0
github.com/tomcarman/skystats/core/routes.go:199.31,200.12 1 0
github.com/tomcarman/skystats/core/routes.go:204.3,204.56 1 0
github.com/tomcarman/skystats/core/routes.go:204.56,205.12 1 0
github.com/tomcarman/skystats/core/routes.go:208.3,221.49 7 0
github.com/tomcarman/skystats/core/routes.go:221.49,223.4 1 0
github.com/tomcarman/skystats/core/routes.go:225.3,309.16 3 0
github.com/tomcarman/skystats/core/routes.go:312.2,315.35 3 0
github.com/tomcarman/skystats/core/routes.go:315.35,317.17 2 0
github.com/tomcarman/skystats/core/routes.go:317.17,319.4 1 0
github.com/tomcarman/skystats/core/routes.go:324.69,328.37 2 1
github.com/tomcarman/skystats/core/routes.go:328.37,329.88 1 1
github.com/tomcarman/skystats/core/routes.go:329.88,335.4 1 1
github.com/tomcarman/skystats/core/routes.go:337.2,337.47 1 1
github.com/tomcarman/skystats/core/settings.go:21.56,23.2 1 0
github.com/tomcarman/skystats/core/settings.go:25.67,32.16 3 0
github.com/tomcarman/skystats/core/settings.go:32.16,35.3 2 0
github.com/tomcarman/skystats/core/settings.go:36.2,39.18 3 0
github.com/tomcarman/skystats/core/settings.go:39.18,42.17 3 0
github.com/tomcarman/skystats/core/settings.go:42.17,45.4 2 0
github.com/tomcarman/skystats/core/settings.go:46.3,46.39 1 0
github.com/tomcarman/skystats/core/settings.go:49.2,49.22 1 0
github.com/tomcarman/skystats/core/settings.go:52.72,62.16 4 0
github.com/tomcarman/skystats/core/settings.go:62.16,65.3 2 0
github.com/tomcarman/skystats/core/settings.go:67.2,67.22 1 0
github.com/tomcarman/skystats/core/settings.go:70.73,77.16 3 0
github.com/tomcarman/skystats/core/settings.go:77.16,80.3 2 0
github.com/tomcarman/skystats/core/settings.go:82.2,82.32 1 0
github.com/tomcarman/skystats/core/settings.go:82.32,84.3 1 0
github.com/tomcarman/skystats/core/settings.go:86.2,86.12 1 0
github.com/tomcarman/skystats/core/settings.go:89.76,92.16 2 0
github.com/tomcarman/skystats/core/settings.go:92.16,95.3 2 0
github.com/tomcarman/skystats/core/settings.go:96.2,103.35 3 0
github.com/tomcarman/skystats/core/settings.go:103.35,105.17 2 0
github.com/tomcarman/skystats/core/settings.go:105.17,108.4 2 0
github.com/tomcarman/skystats/core/settings.go:111.2,111.56 1 0
github.com/tomcarman/skystats/core/settings.go:111.56,114.3 2 0
github.com/tomcarman/skystats/core/settings.go:116.2,116.12 1 0
github.com/tomcarman/skystats/core/stats-interesting.go:11.42,15.25 2 0
github.com/tomcarman/skystats/core/stats-interesting.go:15.25,17.3 1 0
github.com/tomcarman/skystats/core/stats-interesting.go:19.2,19.27 1 0
github.com/tomcarman/skystats/core/stats-interesting.go:19.27,21.3 1 0
github.com/tomcarman/skystats/core/stats-interesting.go:23.2,26.37 3 0
github.com/tomcarman/skystats/core/stats-interesting.go:26.37,29.3 2 0
github.com/tomcarman/skystats/core/stats-interesting.go:31.2,53.16 3 0
github.com/tomcarman/skystats/core/stats-interesting.go:53.16,56.3 2 0
github.com/tomcarman/skystats/core/stats-interesting.go:58.2,62.18 3 0
github.com/tomcarman/skystats/core/stats-interesting.go:62.18,82.17 3 0
github.com/tomcarman/skystats/core/stats-interesting.go:82.17,84.12 2 0
github.com/tomcarman/skystats/core/stats-interesting.go:87.3,87.75 1 0
github.com/tomcarman/skystats/core/stats-interesting.go:90.2,90.38 1 0
github.com/tomcarman/skystats/core/stats-interesting.go:90.38,92.65 2 0
github.com/tomcarman/skystats/core/stats-interesting.go:92.65,110.4 17 0
github.com/tomcarman/skystats/core/stats-interesting.go:113.2,117.48 3 0
github.com/tomcarman/skystats/core/stats-interesting.go:117.48,190.3 2 0
github.com/tomcarman/skystats/core/stats-interesting.go:192.2,195.49 3 0
github.com/tomcarman/skystats/core/stats-interesting.go:195.49,197.17 2 0
github.com/tomcarman/skystats/core/stats-interesting.go:197.17,199.4 1 0
github.com/tomcarman/skystats/core/stats-interesting.go:202.2,202.55 1 0
github.com/tomcarman/skystats/core/stats-interesting.go:206.54,235.16 3 0
github.com/tomcarman/skystats/core/stats-interesting.go:235.16,238.3 2 0
github.com/tomcarman/skystats/core/stats-interesting.go:240.2,244.18 3 0
github.com/tomcarman/skystats/core/stats-interesting.go:244.18,269.17 3 0
github.com/tomcarman/skystats/core/stats-interesting.go:269.17,272.4 2 0
github.com/tomcarman/skystats/core/stats-interesting.go:274.3,274.42 1 0
github.com/tomcarman/skystats/core/stats-interesting.go:277.2,278.18 2 0
github.com/tomcarman/skystats/core/stats-motion-helpers.go:7.48,18.16 5 0
github.com/tomcarman/skystats/core/stats-motion-helpers.go:18.16,20.3 1 0
github.com/tomcarman/skystats/core/stats-motion-helpers.go:20.8,22.3 1 0
github.com/tomcarman/skystats/core/stats-motion-helpers.go:25.49,36.16 5 0
github.com/tomcarman/skystats/core/stats-motion-helpers.go:36.16,38.3 1 0
github.com/tomcarman/skystats/core/stats-motion-helpers.go:38.8,40.3 1 0
github.com/tomcarman/skystats/core/stats-motion-helpers.go:43.52,54.16 5 0
github.com/tomcarman/skystats/core/stats-motion-helpers.go:54.16,56.3 1 0
github.com/tomcarman/skystats/core/stats-motion-helpers.go:56.8,58.3 1 0
github.com/tomcarman/skystats/core/stats-motion-helpers.go:61.54,72.16 5 0
github.com/tomcarman/skystats/core/stats-motion-helpers.go:72.16,74.3 1 0
github.com/tomcarman/skystats/core/stats-motion-helpers.go:74.8,76.3 1 0
github.com/tomcarman/skystats/core/stats-motion.go:11.48,20.2 5 0
github.com/tomcarman/skystats/core/stats-motion.go:22.63,29.37 5 0
github.com/tomcarman/skystats/core/stats-motion.go:29.37,30.32 1 0
github.com/tomcarman/skystats/core/stats-motion.go:30.32,32.4 1 0
github.com/tomcarman/skystats/core/stats-motion.go:35.2,35.33 1 0
github.com/tomcarman/skystats/core/stats-motion.go:35.33,37.3 1 0
github.com/tomcarman/skystats/core/stats-motion.go:39.2,41.52 2 0
github.com/tomcarman/skystats/core/stats-motion.go:41.52,43.3 1 0
github.com/tomcarman/skystats/core/stats-motion.go:45.2,47.45 2 0
github.com/tomcarman/skystats/core/stats-motion.go:47.45,48.27 1 0
github.com/tomcarman/skystats/core/stats-motion.go:48.27,49.12 1 0
github.com/tomcarman/skystats/core/stats-motion.go:51.3,51.47 1 0
github.com/tomcarman/skystats/core/stats-motion.go:51.47,53.4 1 0
github.com/tomcarman/skystats/core/stats-motion.go:53.9,54.9 1 0
github.com/tomcarman/skystats/core/stats-motion.go:58.2,60.45 2 0
github.com/tomcarman/skystats/core/stats-motion.go:60.45,89.3 2 0
github.com/tomcarman/skystats/core/stats-motion.go:91.2,94.46 3 0
github.com/tomcarman/skystats/core/stats-motion.go:94.46,96.17 2 0
github.com/tomcarman/skystats/core/stats-motion.go:96.17,98.4 1 0
github.com/tomcarman/skystats/core/stats-motion.go:100.2,102.32 2 0
github.com/tomcarman/skystats/core/stats-motion.go:102.32,104.3 1 0
github.com/tomcarman/skystats/core/stats-motion.go:108.64,116.37 5 0
github.com/tomcarman/skystats/core/stats-motion.go:116.37,117.33 1 0
github.com/tomcarman/skystats/core/stats-motion.go:117.33,119.4 1 0
github.com/tomcarman/skystats/core/stats-motion.go:122.2,122.33 1 0
github.com/tomcarman/skystats/core/stats-motion.go:122.33,124.3 1 0
github.com/tomcarman/skystats/core/stats-motion.go:126.2,128.52 2 0
github.com/tomcarman/skystats/core/stats-motion.go:128.52,130.3 1 0
github.com/tomcarman/skystats/core/stats-motion.go:132.2,134.45 2 0
github.com/tomcarman/skystats/core/stats-motion.go:134.45,135.46 1 0
github.com/tomcarman/skystats/core/stats-motion.go:135.46,137.4 1 0
github.com/tomcarman/skystats/core/stats-motion.go:137.9,138.9 1 0
github.com/tomcarman/skystats/core/stats-motion.go:142.2,144.45 2 0
github.com/tomcarman/skystats/core/stats-motion.go:144.45,173.3 2 0
github.com/tomcarman/skystats/core/stats-motion.go:175.2,178.46 3 0
github.com/tomcarman/skystats/core/stats-motion.go:178.46,180.17 2 0
github.com/tomcarman/skystats/core/stats-motion.go:180.17,182.4 1 0
github.com/tomcarman/skystats/core/stats-motion.go:185.2,187.32 2 0
github.com/tomcarman/skystats/core/stats-motion.go:187.32,189.3 1 0
github.com/tomcarman/skystats/core/stats-motion.go:192.64,200.37 5 0
github.com/tomcarman/skystats/core/stats-motion.go:200.37,201.33 1 0
github.com/tomcarman/skystats/core/stats-motion.go:201.33,203.4 1 0
github.com/tomcarman/skystats/core/stats-motion.go:206.2,206.33 1 0
github.com/tomcarman/skystats/core/stats-motion.go:206.33,208.3 1 0
github.com/tomcarman/skystats/core/stats-motion.go:210.2,212.52 2 0
github.com/tomcarman/skystats/core/stats-motion.go:212.52,214.3 1 0
github.com/tomcarman/skystats/core/stats-motion.go:216.2,218.45 2 0
github.com/tomcarman/skystats/core/stats-motion.go:218.45,219.22 1 0
github.com/tomcarman/skystats/core/stats-motion.go:219.22,220.12 1 0
github.com/tomcarman/skystats/core/stats-motion.go:223.3,223.43 1 0
github.com/tomcarman/skystats/core/stats-motion.go:223.43,225.4 1 0
github.com/tomcarman/skystats/core/stats-motion.go:225.9,226.9 1 0
github.com/tomcarman/skystats/core/stats-motion.go:230.2,232.45 2 0
github.com/tomcarman/skystats/core/stats-motion.go:232.45,264.3 2 0
github.com/tomcarman/skystats/core/stats-motion.go:266.2,269.46 3 0
github.com/tomcarman/skystats/core/stats-motion.go:269.46,271.17 2 0
github.com/tomcarman/skystats/core/stats-motion.go:271.17,273.4 1 0
github.com/tomcarman/skystats/core/stats-motion.go:276.2,278.32 2 0
github.com/tomcarman/skystats/core/stats-motion.go:278.32,280.3 1 0
github.com/tomcarman/skystats/core/stats-motion.go:283.64,291.37 5 0
github.com/tomcarman/skystats/core/stats-motion.go:291.37,292.33 1 0
github.com/tomcarman/skystats/core/stats-motion.go:292.33,294.4 1 0
github.com/tomcarman/skystats/core/stats-motion.go:297.2,297.33 1 0
github.com/tomcarman/skystats/core/stats-motion.go:297.33,299.3 1 0
github.com/tomcarman/skystats/core/stats-motion.go:301.2,303.52 2 0
github.com/tomcarman/skystats/core/stats-motion.go:303.52,305.3 1 0
github.com/tomcarman/skystats/core/stats-motion.go:307.2,309.45 2 0
github.com/tomcarman/skystats/core/stats-motion.go:309.45,310.41 1 0
github.com/tomcarman/skystats/core/stats-motion.go:310.41,312.4 1 0
github.com/tomcarman/skystats/core/stats-motion.go:312.9,313.9 1 0
github.com/tomcarman/skystats/core/stats-motion.go:317.2,319.45 2 0
github.com/tomcarman/skystats/core/stats-motion.go:319.45,351.3 2 0
github.com/tomcarman/skystats/core/stats-motion.go:353.2,356.46 3 0
github.com/tomcarman/skystats/core/stats-motion.go:356.46,358.17 2 0
github.com/tomcarman/skystats/core/stats-motion.go:358.17,360.4 1 0
github.com/tomcarman/skystats/core/stats-motion.go:363.2,365.32 2 0
github.com/tomcarman/skystats/core/stats-motion.go:365.32,367.3 1 0
github.com/tomcarman/skystats/core/stats-motion.go:370.68,381.16 3 0
github.com/tomcarman/skystats/core/stats-motion.go:381.16,384.3 2 0
github.com/tomcarman/skystats/core/stats-motion.go:385.2,389.18 3 0
github.com/tomcarman/skystats/core/stats-motion.go:389.18,411.17 3 0
github.com/tomcarman/skystats/core/stats-motion.go:411.17,414.4 2 0
github.com/tomcarman/skystats/core/stats-motion.go:415.3,415.42 1 0
github.com/tomcarman/skystats/core/stats-motion.go:418.2,419.18 2 0
github.com/tomcarman/skystats/core/version.go:17.24,20.2 2 0
github.com/tomcarman/skystats/core/version.go:22.13,25.2 2 1
